<?xml version="1.0" encoding="UTF-8"?>
<testng-results skipped="0" failed="0" ignored="0" total="2" passed="2">
  <reporter-output>
  </reporter-output>
  <suite name="Default suite" duration-ms="53426" started-at="2018-04-12T20:17:49Z" finished-at="2018-04-12T20:18:43Z">
    <groups>
    </groups>
    <test name="Default test" duration-ms="53426" started-at="2018-04-12T20:17:49Z" finished-at="2018-04-12T20:18:43Z">
      <class name="com.academy.HomePage">
        <test-method status="PASS" signature="launchBrowser()[pri:0, instance:com.academy.HomePage@2de8284b]" name="launchBrowser" is-config="true" duration-ms="12585" started-at="2018-04-12T20:17:49Z" finished-at="2018-04-12T20:18:02Z">
          <reporter-output>
          </reporter-output>
        </test-method> <!-- launchBrowser -->
        <test-method status="PASS" signature="basePageNavigation(java.lang.String, java.lang.String)[pri:0, instance:com.academy.HomePage@2de8284b]" name="basePageNavigation" duration-ms="20834" started-at="2018-04-12T20:18:02Z" data-provider="getData" finished-at="2018-04-12T20:18:23Z">
          <params>
            <param index="0">
              <value>
                <![CDATA[rahulmendiratta13]]>
              </value>
            </param>
            <param index="1">
              <value>
                <![CDATA[12345]]>
              </value>
            </param>
          </params>
          <reporter-output>
          </reporter-output>
        </test-method> <!-- basePageNavigation -->
        <test-method status="PASS" signature="basePageNavigation(java.lang.String, java.lang.String)[pri:0, instance:com.academy.HomePage@2de8284b]" name="basePageNavigation" duration-ms="18802" started-at="2018-04-12T20:18:23Z" data-provider="getData" finished-at="2018-04-12T20:18:42Z">
          <params>
            <param index="0">
              <value>
                <![CDATA[rahulmendiratta13]]>
              </value>
            </param>
            <param index="1">
              <value>
                <![CDATA[12345]]>
              </value>
            </param>
          </params>
          <reporter-output>
          </reporter-output>
        </test-method> <!-- basePageNavigation -->
        <test-method status="PASS" signature="driverclose()[pri:0, instance:com.academy.HomePage@2de8284b]" name="driverclose" is-config="true" duration-ms="1066" started-at="2018-04-12T20:18:42Z" finished-at="2018-04-12T20:18:43Z">
          <reporter-output>
          </reporter-output>
        </test-method> <!-- driverclose -->
      </class> <!-- com.academy.HomePage -->
    </test> <!-- Default test -->
  </suite> <!-- Default suite -->
</testng-results>
